<?xml version="1.0" encoding="UTF-8"?>
<!-- Generated by org.testng.reporters.JUnitXMLReporter -->
<testsuite ignored="0" hostname="LAPTOP-E24LKBUN" failures="1" tests="3" name="Test" time="0.66" errors="0" timestamp="2025-01-27T12:38:57 IST">
  <testcase classname="com.tests.LoginTest" name="test01" time="0.531"/>
  <testcase classname="com.tests.LoginTest" name="test02" time="0.006">
    <failure type="java.lang.AssertionError" message="expected [true] but found [false]">
      <![CDATA[java.lang.AssertionError: expected [true] but found [false]
at com.tests.LoginTest.test02(LoginTest.java:35)
at java.base/java.util.ArrayList.forEach(ArrayList.java:1541)
... Removed 31 stack frames]]>
    </failure>
  </testcase> <!-- test02 -->
  <testcase classname="com.tests.LoginTest" name="test03" time="0.001">
    <skipped/>
  </testcase> <!-- test03 -->
</testsuite> <!-- Test -->
